Script started on Wed Oct 28 10:23:34 2015
[~]$ nano test
  GNU nano 2.0.6                                                        File: test                                                                                                                      [ New File ]^G Get Help^O WriteOut^R Read File^Y Prev Page^K Cut Text^C Cur Pos^X Exit^J Justify^W Where Is^V Next Page^U UnCut Text^T To Spell[~]$ ls
28-oct-15_10-04-15_shell.log		Google Drive				SQUACK_perfs				deaths before 50%.txt			pfbfonts
28-oct-15_10-04-24_shell.log		Library					Scripts					discussion outreaching.txt		pyhpc-tutorial
Applications				Movies					ScriptsGnuplot				filesystem-challenge.jpg		spectrum fitting.nb
BitTorrent Sync				Music					Sites					filesystem-challenge.png		svn
Camtasia.dmg				Notes CCSR.txt				Software Carpentry Notes.txt		greg.txt				tmp
CiscoJabberMac-10.5.1.194255.zip	OTRS demo list.txt			Style Biblio Alex			inactives.py				untitled.txt
Desktop					Pictures				Sync_Pro_Purchase.btskey		mercurial				updateTextMate
Documents				Public					Vision CCSR.txt				mylog.log				utilisateurs aÌ preÌparer.txt
Downloads				RSNT.txt				__MACOSX				natbib					vpnc.backup
Dropbox					SQUACK.key				answer.txt.txt				nikolaipub.txt
[~]$ vim ~/.bash_profile
"~/.bash_profile" 99L, 3776C  1 PATH=$PATH:/usr/local/bin:/sw/bin:/opt/local/bin:/usr/local/GCALDaemon/bin:/Developer/usr/bin/
  2 export PATH
  3 #export TERM=dtterm
  4 
  5 export PATH=/gnuplot42/bin/:~/Scripts/:/usr/local/texlive/2007/bin/i386-darwin/:/Applications/Xcode.app/Contents/Developer/usr/bin/:$PATH
  6 export PATH=/Developer/NVIDIA/CUDA-6.0/bin:$PATH
  7 export DYLD_LIBRARY_PATH=/Developer/NVIDIA/CUDA-6.0/lib:$DYLD_LIBRARY_PATH
  8 export SVN_EDITOR=/usr/bin/vim
  9 export LC_CTYPE=en_US.UTF-8
 10 export DYLD_LIBRARY_PATH=/opt/intel/cc/10.0.016/lib/
 11 export GNUTERM=x11
 12 
 13 test -r /sw/bin/init.sh && . /sw/bin/init.sh
 14 
 15 echo "Reading ~/.bash_profile"
 16 
 17 # Initialize FINK if needed
 18 if [[ ! -x $(which fink) && -d /sw/bin ]];then
 19  source /sw/bin/init.sh
 20 fi
 21 # Set the DISPLAY variable -- works for Apple X11 with Fast User Switching
 22 if [[ -z $DISPLAY && -z $SSH_CONNECTION ]]; then
 23  disp_no=($( ps -awx | grep -F X11.app | awk '{print $NF}' | grep -e ":[0-9]"  ))
 24  if [[ -n $disp_no ]];then
 25  export DISPLAY=${disp_no}.0
 26  else
 27  export DISPLAY=:0.0
 28  fi
 29  echo "DISPLAY has been set to $DISPLAY"
 30 fi
 31 
 32 # iTerm Tab and Title Customization and prompt customization
 33 # Put the string " [bash]   hostname::/full/directory/path"
 34 # in the title bar using the command sequence
 35 # \[\e]2;[bash]   \h::\]$PWD\[\a\]
 36 # Put the penultimate and current directory
 37 # in the iterm tab
 38 # \[\e]1;\]$(basename $(dirname $PWD))/\W\[\a\]
 39 # Make a simple command-line prompt:  bash-$
 40 export PS1='\[\033[01;32m\]\u@\h\[\033[01;34m\] \w \$\[\033[00m\] '
 41 
 42 PS1=$'\[\e]2;\d - \@ - [bash] \h::$PWD\a\]\[\e]1;$(basename "$(dirname "$PWD")")/\W\a\][\W]\$ '
 43 :q[~]$ exit
exit

Script done on Wed Oct 28 10:36:45 2015
